<?xml version="1.0" encoding="UTF-8"?>
<testsuites name="Basic" time="18" tests="1" failures="0" errors="0">
   <testsuite name="Basic" tests="1" failures="0" errors="0" time="18" timestamp="2019-01-03 13:41:42" hostname="cicil - LAPTOP-G31AKJNJ" id="Test Suites/Basic">
      <properties>
         <property name="deviceName" value=""/>
         <property name="devicePlatform" value=""/>
         <property name="logFolder" value="D:\\Katalon Studio\\Projects\\CURA test\\Reports\\Basic\\20190103_134140"/>
         <property name="logFiles" value="D:\\Katalon Studio\\Projects\\CURA test\\Reports\\Basic\\20190103_134140\\execution0.log"/>
         <property name="attachments" value=""/>
         <property name="hostName" value="cicil - LAPTOP-G31AKJNJ"/>
         <property name="os" value="Windows 10 64bit"/>
         <property name="katalonVersion" value="5.10.1.1"/>
         <property name="browser" value="Chrome 70.0.3538.110"/>
         <property name="hostAddress" value="192.168.51.2"/>
         <property name="sessionId" value="b38eb57d48e2c76165be25d1990c169d"/>
         <property name="seleniumVersion" value="3.7.1"/>
         <property name="proxyInformation" value="ProxyInformation{proxyOption=NO_PROXY, proxyServerType=HTTP, password=, proxyServerAddress=, proxyServerPort=0}"/>
         <property name="platform" value="Windows 10"/>
      </properties>
      <testcase name="Test Cases/Basic" classname="Test Cases/Basic" status="PASSED">
         <system-out><![CDATA[2019-01-03 13:41:42 - [TEST_CASE][PASSED] - Test Cases/Basic: Test Cases/Basic

2019-01-03 13:41:43 - [TEST_STEP][PASSED] - openBrowser(""): Browser is opened with url: ''

2019-01-03 13:41:43 - [MESSAGE][INFO] - Starting 'Chrome (headless)' driver

2019-01-03 13:41:43 - [MESSAGE][INFO] - Action delay is set to 0 seconds

2019-01-03 13:41:47 - [MESSAGE][PASSED] - Browser is opened with url: ''

2019-01-03 13:41:47 - [TEST_STEP][PASSED] - navigateToUrl("https://katalon-demo-cura.herokuapp.com/"): Navigate to 'https://katalon-demo-cura.herokuapp.com/' successfully

2019-01-03 13:41:53 - [MESSAGE][PASSED] - Navigate to 'https://katalon-demo-cura.herokuapp.com/' successfully

2019-01-03 13:41:53 - [TEST_STEP][PASSED] - Thread.sleep(2000): null

2019-01-03 13:41:55 - [TEST_STEP][PASSED] - maximizeWindow(): Current window maximized

2019-01-03 13:41:56 - [MESSAGE][PASSED] - Current window maximized

2019-01-03 13:41:56 - [TEST_STEP][PASSED] - click(findTestObject("Page_CURA Healthcare Service/a_Make Appointment")): Object: 'Object Repository/Page_CURA Healthcare Service/a_Make Appointment' is clicked on

2019-01-03 13:41:57 - [MESSAGE][PASSED] - Object: 'Object Repository/Page_CURA Healthcare Service/a_Make Appointment' is clicked on

2019-01-03 13:41:57 - [TEST_STEP][PASSED] - setText(findTestObject("Page_CURA Healthcare Service/input_Username_username"), "John Doe"): Text 'John Doe' is set on object 'Object Repository/Page_CURA Healthcare Service/input_Username_username'

2019-01-03 13:41:57 - [MESSAGE][PASSED] - Text 'John Doe' is set on object 'Object Repository/Page_CURA Healthcare Service/input_Username_username'

2019-01-03 13:41:57 - [TEST_STEP][PASSED] - setEncryptedText(findTestObject("Page_CURA Healthcare Service/input_Password_password"), "g3/DOGG74jC3Flrr3yH+3D/yKbOqqUNM"): Text ****** has been set on object 'Object Repository/Page_CURA Healthcare Service/input_Password_password'

2019-01-03 13:41:57 - [MESSAGE][PASSED] - Text ****** has been set on object 'Object Repository/Page_CURA Healthcare Service/input_Password_password'

2019-01-03 13:41:57 - [TEST_STEP][PASSED] - click(findTestObject("Page_CURA Healthcare Service/button_Login")): Object: 'Object Repository/Page_CURA Healthcare Service/button_Login' is clicked on

2019-01-03 13:41:58 - [MESSAGE][PASSED] - Object: 'Object Repository/Page_CURA Healthcare Service/button_Login' is clicked on

2019-01-03 13:41:58 - [TEST_STEP][PASSED] - click(findTestObject("Page_CURA Healthcare Service/label_Apply for hospital readm")): Object: 'Object Repository/Page_CURA Healthcare Service/label_Apply for hospital readm' is clicked on

2019-01-03 13:41:59 - [MESSAGE][PASSED] - Object: 'Object Repository/Page_CURA Healthcare Service/label_Apply for hospital readm' is clicked on

2019-01-03 13:41:59 - [TEST_STEP][PASSED] - click(findTestObject("Page_CURA Healthcare Service/div_Visit Date (Required)_inpu")): Object: 'Object Repository/Page_CURA Healthcare Service/div_Visit Date (Required)_inpu' is clicked on

2019-01-03 13:41:59 - [MESSAGE][PASSED] - Object: 'Object Repository/Page_CURA Healthcare Service/div_Visit Date (Required)_inpu' is clicked on

2019-01-03 13:41:59 - [TEST_STEP][PASSED] - click(findTestObject("Page_CURA Healthcare Service/td_24")): Object: 'Object Repository/Page_CURA Healthcare Service/td_24' is clicked on

2019-01-03 13:41:59 - [MESSAGE][PASSED] - Object: 'Object Repository/Page_CURA Healthcare Service/td_24' is clicked on

2019-01-03 13:41:59 - [TEST_STEP][PASSED] - setText(findTestObject("Page_CURA Healthcare Service/textarea_Comment_comment"), "thus is comment"): Text 'thus is comment' is set on object 'Object Repository/Page_CURA Healthcare Service/textarea_Comment_comment'

2019-01-03 13:41:59 - [MESSAGE][PASSED] - Text 'thus is comment' is set on object 'Object Repository/Page_CURA Healthcare Service/textarea_Comment_comment'

2019-01-03 13:41:59 - [TEST_STEP][PASSED] - click(findTestObject("Page_CURA Healthcare Service/button_Book Appointment")): Object: 'Object Repository/Page_CURA Healthcare Service/button_Book Appointment' is clicked on

2019-01-03 13:41:59 - [MESSAGE][PASSED] - Object: 'Object Repository/Page_CURA Healthcare Service/button_Book Appointment' is clicked on

2019-01-03 13:41:59 - [TEST_STEP][PASSED] - click(findTestObject("Page_CURA Healthcare Service/a_Go to Homepage")): Object: 'Object Repository/Page_CURA Healthcare Service/a_Go to Homepage' is clicked on

2019-01-03 13:42:00 - [MESSAGE][PASSED] - Object: 'Object Repository/Page_CURA Healthcare Service/a_Go to Homepage' is clicked on

2019-01-03 13:42:00 - [TEST_STEP][PASSED] - closeBrowser(): Browser is closed

2019-01-03 13:42:01 - [MESSAGE][PASSED] - Browser is closed]]></system-out>
         <system-err><![CDATA[]]></system-err>
      </testcase>
      <system-out><![CDATA[2019-01-03 13:41:42 - [TEST_SUITE][PASSED] - Basic: Test Cases/Basic]]></system-out>
      <system-err><![CDATA[]]></system-err>
   </testsuite>
</testsuites>
