<?xml version="1.0" encoding="UTF-8"?>
<testsuites name="CICIL suite" time="77" tests="2" failures="0" errors="0">
   <testsuite name="CICIL suite" tests="2" failures="0" errors="0" time="77" timestamp="2019-01-10 14:58:32" hostname="cicil - LAPTOP-G31AKJNJ" id="Test Suites/CICIL suite">
      <properties>
         <property name="deviceName" value=""/>
         <property name="devicePlatform" value=""/>
         <property name="logFolder" value="D:\\Katalon Studio\\Projects\\CURA test\\Reports\\CICIL suite\\20190110_145820"/>
         <property name="logFiles" value="D:\\Katalon Studio\\Projects\\CURA test\\Reports\\CICIL suite\\20190110_145820\\execution0.log"/>
         <property name="attachments" value=""/>
         <property name="hostName" value="cicil - LAPTOP-G31AKJNJ"/>
         <property name="os" value="Windows 10 64bit"/>
         <property name="katalonVersion" value="5.10.1.1"/>
         <property name="browser" value="Chrome 70.0.3538.110"/>
         <property name="hostAddress" value="192.168.51.2"/>
         <property name="sessionId" value="0b93ddcd73bb96ef69e32b6767ff73d2"/>
         <property name="seleniumVersion" value="3.7.1"/>
         <property name="proxyInformation" value="ProxyInformation{proxyOption=NO_PROXY, proxyServerType=HTTP, password=, proxyServerAddress=, proxyServerPort=0}"/>
         <property name="platform" value="Windows 10"/>
      </properties>
      <testcase name="Test Cases/stagingbeta-login" classname="Test Cases/stagingbeta-login" status="PASSED">
         <system-out><![CDATA[2019-01-10 14:58:32 - [TEST_CASE][PASSED] - Test Cases/stagingbeta-login: Test Cases/stagingbeta-login

2019-01-10 14:58:32 - [TEST_STEP][PASSED] - openBrowser("staging-beta.cicil.co.id"): Browser is opened with url: 'staging-beta.cicil.co.id'

2019-01-10 14:58:33 - [MESSAGE][INFO] - Starting 'Chrome' driver

2019-01-10 14:58:34 - [MESSAGE][INFO] - Action delay is set to 0 seconds

2019-01-10 14:58:58 - [MESSAGE][PASSED] - Browser is opened with url: 'staging-beta.cicil.co.id'

2019-01-10 14:58:58 - [TEST_STEP][PASSED] - maximizeWindow(): Current window maximized

2019-01-10 14:58:59 - [MESSAGE][PASSED] - Current window maximized

2019-01-10 14:58:59 - [TEST_STEP][PASSED] - waitForElementVisible(findTestObject("Page_CICIL_login/span_tutup"), 5): Object 'Object Repository/Page_CICIL_login/span_tutup' is visible

2019-01-10 14:59:00 - [MESSAGE][PASSED] - Object 'Object Repository/Page_CICIL_login/span_tutup' is visible

2019-01-10 14:59:00 - [TEST_STEP][PASSED] - click(findTestObject("Page_CICIL_login/span_tutup")): Object: 'Object Repository/Page_CICIL_login/span_tutup' is clicked on

2019-01-10 14:59:00 - [MESSAGE][PASSED] - Object: 'Object Repository/Page_CICIL_login/span_tutup' is clicked on

2019-01-10 14:59:00 - [TEST_STEP][PASSED] - Thread.sleep(1500): null

2019-01-10 14:59:01 - [TEST_STEP][PASSED] - verifyElementNotVisible(findTestObject("Page_CICIL_login/span_tutup")): Object 'Object Repository/Page_CICIL_login/span_tutup' is NOT visible

2019-01-10 14:59:01 - [MESSAGE][PASSED] - Object 'Object Repository/Page_CICIL_login/span_tutup' is NOT visible

2019-01-10 14:59:01 - [TEST_STEP][PASSED] - click(findTestObject("Page_CICIL_login/a_Masuk")): Object: 'Object Repository/Page_CICIL_login/a_Masuk' is clicked on

2019-01-10 14:59:02 - [MESSAGE][PASSED] - Object: 'Object Repository/Page_CICIL_login/a_Masuk' is clicked on

2019-01-10 14:59:02 - [TEST_STEP][PASSED] - waitForElementPresent(findTestObject("Page_CICIL_login/input_username"), 10): Object 'Object Repository/Page_CICIL_login/input_username' is present

2019-01-10 14:59:02 - [MESSAGE][PASSED] - Object 'Object Repository/Page_CICIL_login/input_username' is present

2019-01-10 14:59:02 - [TEST_STEP][PASSED] - setText(findTestObject("Page_CICIL_login/input_username"), varEmail): Text 'dev@cicil.co' is set on object 'Object Repository/Page_CICIL_login/input_username'

2019-01-10 14:59:03 - [MESSAGE][PASSED] - Text 'dev@cicil.co' is set on object 'Object Repository/Page_CICIL_login/input_username'

2019-01-10 14:59:03 - [TEST_STEP][PASSED] - setText(findTestObject("Page_CICIL_login/input_password"), varPass): Text 'Rahasia1' is set on object 'Object Repository/Page_CICIL_login/input_password'

2019-01-10 14:59:03 - [MESSAGE][PASSED] - Text 'Rahasia1' is set on object 'Object Repository/Page_CICIL_login/input_password'

2019-01-10 14:59:03 - [TEST_STEP][PASSED] - click(findTestObject("Page_CICIL_login/button_Masuk")): Object: 'Object Repository/Page_CICIL_login/button_Masuk' is clicked on

2019-01-10 14:59:03 - [MESSAGE][PASSED] - Object: 'Object Repository/Page_CICIL_login/button_Masuk' is clicked on

2019-01-10 14:59:03 - [TEST_STEP][PASSED] - Thread.sleep(7000): null

2019-01-10 14:59:10 - [TEST_STEP][PASSED] - if (varScope == "admin"): Object 'Object Repository/Page_CICIL_adminDashboard/button_Add Danger' is visible

2019-01-10 14:59:10 - [TEST_STEP][PASSED] - println(">>> the scope is admin. verifying dashboard elements"): null

2019-01-10 14:59:10 - [TEST_STEP][PASSED] - verifyElementPresent(findTestObject("Page_CICIL_adminDashboard/span_Dashboard"), 3): Object 'Object Repository/Page_CICIL_adminDashboard/span_Dashboard' is present

2019-01-10 14:59:10 - [MESSAGE][PASSED] - Object 'Object Repository/Page_CICIL_adminDashboard/span_Dashboard' is present

2019-01-10 14:59:10 - [TEST_STEP][PASSED] - verifyElementVisible(findTestObject("Page_CICIL_adminDashboard/button_Add Success")): Object 'Object Repository/Page_CICIL_adminDashboard/button_Add Success' is visible

2019-01-10 14:59:10 - [MESSAGE][PASSED] - Object 'Object Repository/Page_CICIL_adminDashboard/button_Add Success' is visible

2019-01-10 14:59:10 - [TEST_STEP][PASSED] - verifyElementVisible(findTestObject("Page_CICIL_adminDashboard/button_Add Danger")): Object 'Object Repository/Page_CICIL_adminDashboard/button_Add Danger' is visible

2019-01-10 14:59:10 - [MESSAGE][PASSED] - Object 'Object Repository/Page_CICIL_adminDashboard/button_Add Danger' is visible

2019-01-10 14:59:10 - [TEST_STEP][PASSED] - println("going to sleep"): null

2019-01-10 14:59:10 - [TEST_STEP][PASSED] - Thread.sleep(7000): null

2019-01-10 14:59:17 - [TEST_STEP][PASSED] - println("i am awake"): null

2019-01-10 14:59:17 - [TEST_STEP][PASSED] - webUrl = getUrl(): Current window's url is: 'https://staging-beta.cicil.co.id/cicil4j4/dashboard'

2019-01-10 14:59:17 - [MESSAGE][PASSED] - Current window's url is: 'https://staging-beta.cicil.co.id/cicil4j4/dashboard'

2019-01-10 14:59:17 - [TEST_STEP][PASSED] - println(">>> value webUrl: " + webUrl + ", scope: " + varScope): null]]></system-out>
         <system-err><![CDATA[]]></system-err>
      </testcase>
      <testcase name="Test Cases/stagingbeta-login" classname="Test Cases/stagingbeta-login" status="PASSED">
         <system-out><![CDATA[2019-01-10 14:59:17 - [TEST_CASE][PASSED] - Test Cases/stagingbeta-login: Test Cases/stagingbeta-login

2019-01-10 14:59:17 - [TEST_STEP][PASSED] - openBrowser("staging-beta.cicil.co.id"): Browser is opened with url: 'staging-beta.cicil.co.id'

2019-01-10 14:59:17 - [MESSAGE][WARNING] - A browser is already opened. Closing browser and opening a new one

2019-01-10 14:59:18 - [MESSAGE][INFO] - Starting 'Chrome' driver

2019-01-10 14:59:29 - [MESSAGE][PASSED] - Browser is opened with url: 'staging-beta.cicil.co.id'

2019-01-10 14:59:29 - [TEST_STEP][PASSED] - maximizeWindow(): Current window maximized

2019-01-10 14:59:30 - [MESSAGE][PASSED] - Current window maximized

2019-01-10 14:59:30 - [TEST_STEP][PASSED] - waitForElementVisible(findTestObject("Page_CICIL_login/span_tutup"), 5): Object 'Object Repository/Page_CICIL_login/span_tutup' is visible

2019-01-10 14:59:30 - [MESSAGE][PASSED] - Object 'Object Repository/Page_CICIL_login/span_tutup' is visible

2019-01-10 14:59:30 - [TEST_STEP][PASSED] - click(findTestObject("Page_CICIL_login/span_tutup")): Object: 'Object Repository/Page_CICIL_login/span_tutup' is clicked on

2019-01-10 14:59:30 - [MESSAGE][PASSED] - Object: 'Object Repository/Page_CICIL_login/span_tutup' is clicked on

2019-01-10 14:59:30 - [TEST_STEP][PASSED] - Thread.sleep(1500): null

2019-01-10 14:59:32 - [TEST_STEP][PASSED] - verifyElementNotVisible(findTestObject("Page_CICIL_login/span_tutup")): Object 'Object Repository/Page_CICIL_login/span_tutup' is NOT visible

2019-01-10 14:59:32 - [MESSAGE][PASSED] - Object 'Object Repository/Page_CICIL_login/span_tutup' is NOT visible

2019-01-10 14:59:32 - [TEST_STEP][PASSED] - click(findTestObject("Page_CICIL_login/a_Masuk")): Object: 'Object Repository/Page_CICIL_login/a_Masuk' is clicked on

2019-01-10 14:59:32 - [MESSAGE][PASSED] - Object: 'Object Repository/Page_CICIL_login/a_Masuk' is clicked on

2019-01-10 14:59:32 - [TEST_STEP][PASSED] - waitForElementPresent(findTestObject("Page_CICIL_login/input_username"), 10): Object 'Object Repository/Page_CICIL_login/input_username' is present

2019-01-10 14:59:33 - [MESSAGE][PASSED] - Object 'Object Repository/Page_CICIL_login/input_username' is present

2019-01-10 14:59:33 - [TEST_STEP][PASSED] - setText(findTestObject("Page_CICIL_login/input_username"), varEmail): Text 'testing+kucaynewyear@cicil.co.id' is set on object 'Object Repository/Page_CICIL_login/input_username'

2019-01-10 14:59:33 - [MESSAGE][PASSED] - Text 'testing+kucaynewyear@cicil.co.id' is set on object 'Object Repository/Page_CICIL_login/input_username'

2019-01-10 14:59:33 - [TEST_STEP][PASSED] - setText(findTestObject("Page_CICIL_login/input_password"), varPass): Text '1234567A' is set on object 'Object Repository/Page_CICIL_login/input_password'

2019-01-10 14:59:33 - [MESSAGE][PASSED] - Text '1234567A' is set on object 'Object Repository/Page_CICIL_login/input_password'

2019-01-10 14:59:33 - [TEST_STEP][PASSED] - click(findTestObject("Page_CICIL_login/button_Masuk")): Object: 'Object Repository/Page_CICIL_login/button_Masuk' is clicked on

2019-01-10 14:59:34 - [MESSAGE][PASSED] - Object: 'Object Repository/Page_CICIL_login/button_Masuk' is clicked on

2019-01-10 14:59:34 - [TEST_STEP][PASSED] - Thread.sleep(7000): null

2019-01-10 14:59:41 - [TEST_STEP][PASSED] - if (varScope == "admin"): null

2019-01-10 14:59:41 - [TEST_STEP][PASSED] - else: null

2019-01-10 14:59:41 - [TEST_STEP][PASSED] - println(">>> the scope is student"): null

2019-01-10 14:59:41 - [TEST_STEP][PASSED] - println("going to sleep"): null

2019-01-10 14:59:41 - [TEST_STEP][PASSED] - Thread.sleep(7000): null

2019-01-10 14:59:48 - [TEST_STEP][PASSED] - println("i am awake"): null

2019-01-10 14:59:48 - [TEST_STEP][PASSED] - webUrl = getUrl(): Current window's url is: 'https://staging-beta.cicil.co.id/'

2019-01-10 14:59:48 - [MESSAGE][PASSED] - Current window's url is: 'https://staging-beta.cicil.co.id/'

2019-01-10 14:59:48 - [TEST_STEP][PASSED] - println(">>> value webUrl: " + webUrl + ", scope: " + varScope): null]]></system-out>
         <system-err><![CDATA[]]></system-err>
      </testcase>
      <system-out><![CDATA[2019-01-10 14:58:32 - [TEST_SUITE][PASSED] - CICIL suite: Test Cases/stagingbeta-login]]></system-out>
      <system-err><![CDATA[]]></system-err>
   </testsuite>
</testsuites>
