<?xml version="1.0" encoding="UTF-8"?>
<testsuites name="CICIL suite" time="40" tests="2" failures="0" errors="0">
   <testsuite name="CICIL suite" tests="2" failures="0" errors="0" time="40" timestamp="2019-01-08 14:56:40" hostname="cicil - LAPTOP-G31AKJNJ" id="Test Suites/CICIL suite">
      <properties>
         <property name="deviceName" value=""/>
         <property name="devicePlatform" value=""/>
         <property name="logFolder" value="D:\\Katalon Studio\\Projects\\CURA test\\Reports\\CICIL suite\\20190108_145634"/>
         <property name="logFiles" value="D:\\Katalon Studio\\Projects\\CURA test\\Reports\\CICIL suite\\20190108_145634\\execution0.log"/>
         <property name="attachments" value=""/>
         <property name="hostName" value="cicil - LAPTOP-G31AKJNJ"/>
         <property name="os" value="Windows 10 64bit"/>
         <property name="katalonVersion" value="5.10.1.1"/>
         <property name="browser" value="Chrome 70.0.3538.110"/>
         <property name="hostAddress" value="192.168.51.2"/>
         <property name="sessionId" value="6f2cd1214158df249e7f894f54850b9d"/>
         <property name="seleniumVersion" value="3.7.1"/>
         <property name="proxyInformation" value="ProxyInformation{proxyOption=NO_PROXY, proxyServerType=HTTP, password=, proxyServerAddress=, proxyServerPort=0}"/>
         <property name="platform" value="Windows 10"/>
      </properties>
      <testcase name="Test Cases/stagingbeta-login" classname="Test Cases/stagingbeta-login" status="PASSED">
         <system-out><![CDATA[2019-01-08 14:56:40 - [TEST_CASE][PASSED] - Test Cases/stagingbeta-login: Test Cases/stagingbeta-login

2019-01-08 14:56:41 - [TEST_STEP][PASSED] - openBrowser("staging-beta.cicil.co.id"): Browser is opened with url: 'staging-beta.cicil.co.id'

2019-01-08 14:56:41 - [MESSAGE][INFO] - Starting 'Chrome' driver

2019-01-08 14:56:41 - [MESSAGE][INFO] - Action delay is set to 0 seconds

2019-01-08 14:56:49 - [MESSAGE][PASSED] - Browser is opened with url: 'staging-beta.cicil.co.id'

2019-01-08 14:56:49 - [TEST_STEP][PASSED] - maximizeWindow(): Current window maximized

2019-01-08 14:56:51 - [MESSAGE][PASSED] - Current window maximized

2019-01-08 14:56:51 - [TEST_STEP][PASSED] - waitForElementVisible(findTestObject("Page_CICIL_login/span_tutup"), 5): Object 'Object Repository/Page_CICIL_login/span_tutup' is visible

2019-01-08 14:56:51 - [MESSAGE][PASSED] - Object 'Object Repository/Page_CICIL_login/span_tutup' is visible

2019-01-08 14:56:51 - [TEST_STEP][PASSED] - click(findTestObject("Page_CICIL_login/span_tutup")): Object: 'Object Repository/Page_CICIL_login/span_tutup' is clicked on

2019-01-08 14:56:51 - [MESSAGE][PASSED] - Object: 'Object Repository/Page_CICIL_login/span_tutup' is clicked on

2019-01-08 14:56:51 - [TEST_STEP][PASSED] - Thread.sleep(1500): null

2019-01-08 14:56:52 - [TEST_STEP][PASSED] - verifyElementNotVisible(findTestObject("Page_CICIL_login/span_tutup")): Object 'Object Repository/Page_CICIL_login/span_tutup' is NOT visible

2019-01-08 14:56:52 - [MESSAGE][PASSED] - Object 'Object Repository/Page_CICIL_login/span_tutup' is NOT visible

2019-01-08 14:56:52 - [TEST_STEP][PASSED] - click(findTestObject("Page_CICIL_login/a_Masuk")): Object: 'Object Repository/Page_CICIL_login/a_Masuk' is clicked on

2019-01-08 14:56:52 - [MESSAGE][PASSED] - Object: 'Object Repository/Page_CICIL_login/a_Masuk' is clicked on

2019-01-08 14:56:52 - [TEST_STEP][PASSED] - waitForElementPresent(findTestObject("Page_CICIL_login/input_username"), 10): Object 'Object Repository/Page_CICIL_login/input_username' is present

2019-01-08 14:56:53 - [MESSAGE][PASSED] - Object 'Object Repository/Page_CICIL_login/input_username' is present

2019-01-08 14:56:53 - [TEST_STEP][PASSED] - setText(findTestObject("Page_CICIL_login/input_username"), varEmail): Text 'dev@cicil.co' is set on object 'Object Repository/Page_CICIL_login/input_username'

2019-01-08 14:56:53 - [MESSAGE][PASSED] - Text 'dev@cicil.co' is set on object 'Object Repository/Page_CICIL_login/input_username'

2019-01-08 14:56:53 - [TEST_STEP][PASSED] - setText(findTestObject("Page_CICIL_login/input_password"), varPass): Text 'Rahasia1' is set on object 'Object Repository/Page_CICIL_login/input_password'

2019-01-08 14:56:53 - [MESSAGE][PASSED] - Text 'Rahasia1' is set on object 'Object Repository/Page_CICIL_login/input_password'

2019-01-08 14:56:53 - [TEST_STEP][PASSED] - click(findTestObject("Page_CICIL_login/button_Masuk")): Object: 'Object Repository/Page_CICIL_login/button_Masuk' is clicked on

2019-01-08 14:56:53 - [MESSAGE][PASSED] - Object: 'Object Repository/Page_CICIL_login/button_Masuk' is clicked on

2019-01-08 14:56:53 - [TEST_STEP][PASSED] - if (varScope == "admin"): null

2019-01-08 14:56:53 - [TEST_STEP][PASSED] - println(">>> the scope is admin"): null

2019-01-08 14:56:53 - [TEST_STEP][PASSED] - println("going to sleep"): null

2019-01-08 14:56:53 - [TEST_STEP][PASSED] - Thread.sleep(7000): null

2019-01-08 14:57:00 - [TEST_STEP][PASSED] - println("i am awake"): null

2019-01-08 14:57:01 - [TEST_STEP][PASSED] - webUrl = getUrl(): Current window's url is: 'https://staging-beta.cicil.co.id/cicil4j4/dashboard'

2019-01-08 14:57:01 - [MESSAGE][PASSED] - Current window's url is: 'https://staging-beta.cicil.co.id/cicil4j4/dashboard'

2019-01-08 14:57:01 - [TEST_STEP][PASSED] - println(">>> value webUrl: " + webUrl + ", scope: " + varScope): null]]></system-out>
         <system-err><![CDATA[]]></system-err>
      </testcase>
      <testcase name="Test Cases/stagingbeta-login" classname="Test Cases/stagingbeta-login" status="PASSED">
         <system-out><![CDATA[2019-01-08 14:57:01 - [TEST_CASE][PASSED] - Test Cases/stagingbeta-login: Test Cases/stagingbeta-login

2019-01-08 14:57:01 - [TEST_STEP][PASSED] - openBrowser("staging-beta.cicil.co.id"): Browser is opened with url: 'staging-beta.cicil.co.id'

2019-01-08 14:57:01 - [MESSAGE][WARNING] - A browser is already opened. Closing browser and opening a new one

2019-01-08 14:57:01 - [MESSAGE][INFO] - Starting 'Chrome' driver

2019-01-08 14:57:09 - [MESSAGE][PASSED] - Browser is opened with url: 'staging-beta.cicil.co.id'

2019-01-08 14:57:09 - [TEST_STEP][PASSED] - maximizeWindow(): Current window maximized

2019-01-08 14:57:10 - [MESSAGE][PASSED] - Current window maximized

2019-01-08 14:57:10 - [TEST_STEP][PASSED] - waitForElementVisible(findTestObject("Page_CICIL_login/span_tutup"), 5): Object 'Object Repository/Page_CICIL_login/span_tutup' is visible

2019-01-08 14:57:10 - [MESSAGE][PASSED] - Object 'Object Repository/Page_CICIL_login/span_tutup' is visible

2019-01-08 14:57:10 - [TEST_STEP][PASSED] - click(findTestObject("Page_CICIL_login/span_tutup")): Object: 'Object Repository/Page_CICIL_login/span_tutup' is clicked on

2019-01-08 14:57:11 - [MESSAGE][PASSED] - Object: 'Object Repository/Page_CICIL_login/span_tutup' is clicked on

2019-01-08 14:57:11 - [TEST_STEP][PASSED] - Thread.sleep(1500): null

2019-01-08 14:57:12 - [TEST_STEP][PASSED] - verifyElementNotVisible(findTestObject("Page_CICIL_login/span_tutup")): Object 'Object Repository/Page_CICIL_login/span_tutup' is NOT visible

2019-01-08 14:57:12 - [MESSAGE][PASSED] - Object 'Object Repository/Page_CICIL_login/span_tutup' is NOT visible

2019-01-08 14:57:12 - [TEST_STEP][PASSED] - click(findTestObject("Page_CICIL_login/a_Masuk")): Object: 'Object Repository/Page_CICIL_login/a_Masuk' is clicked on

2019-01-08 14:57:12 - [MESSAGE][PASSED] - Object: 'Object Repository/Page_CICIL_login/a_Masuk' is clicked on

2019-01-08 14:57:12 - [TEST_STEP][PASSED] - waitForElementPresent(findTestObject("Page_CICIL_login/input_username"), 10): Object 'Object Repository/Page_CICIL_login/input_username' is present

2019-01-08 14:57:13 - [MESSAGE][PASSED] - Object 'Object Repository/Page_CICIL_login/input_username' is present

2019-01-08 14:57:13 - [TEST_STEP][PASSED] - setText(findTestObject("Page_CICIL_login/input_username"), varEmail): Text 'testing+kucaynewyear@cicil.co.id' is set on object 'Object Repository/Page_CICIL_login/input_username'

2019-01-08 14:57:13 - [MESSAGE][PASSED] - Text 'testing+kucaynewyear@cicil.co.id' is set on object 'Object Repository/Page_CICIL_login/input_username'

2019-01-08 14:57:13 - [TEST_STEP][PASSED] - setText(findTestObject("Page_CICIL_login/input_password"), varPass): Text '1234567A' is set on object 'Object Repository/Page_CICIL_login/input_password'

2019-01-08 14:57:13 - [MESSAGE][PASSED] - Text '1234567A' is set on object 'Object Repository/Page_CICIL_login/input_password'

2019-01-08 14:57:13 - [TEST_STEP][PASSED] - click(findTestObject("Page_CICIL_login/button_Masuk")): Object: 'Object Repository/Page_CICIL_login/button_Masuk' is clicked on

2019-01-08 14:57:13 - [MESSAGE][PASSED] - Object: 'Object Repository/Page_CICIL_login/button_Masuk' is clicked on

2019-01-08 14:57:13 - [TEST_STEP][PASSED] - if (varScope == "admin"): null

2019-01-08 14:57:13 - [TEST_STEP][PASSED] - else: null

2019-01-08 14:57:13 - [TEST_STEP][PASSED] - println(">>> the scope is student"): null

2019-01-08 14:57:13 - [TEST_STEP][PASSED] - println("going to sleep"): null

2019-01-08 14:57:13 - [TEST_STEP][PASSED] - Thread.sleep(7000): null

2019-01-08 14:57:20 - [TEST_STEP][PASSED] - println("i am awake"): null

2019-01-08 14:57:20 - [TEST_STEP][PASSED] - webUrl = getUrl(): Current window's url is: 'https://staging-beta.cicil.co.id/'

2019-01-08 14:57:20 - [MESSAGE][PASSED] - Current window's url is: 'https://staging-beta.cicil.co.id/'

2019-01-08 14:57:20 - [TEST_STEP][PASSED] - println(">>> value webUrl: " + webUrl + ", scope: " + varScope): null]]></system-out>
         <system-err><![CDATA[]]></system-err>
      </testcase>
      <system-out><![CDATA[2019-01-08 14:56:40 - [TEST_SUITE][PASSED] - CICIL suite: Test Cases/stagingbeta-login]]></system-out>
      <system-err><![CDATA[]]></system-err>
   </testsuite>
</testsuites>
